<?xml version="1.0" encoding="UTF-8"?>
<!-- Generated by org.testng.reporters.JUnitXMLReporter -->
<testsuite hostname="DESKTOP-L9LHJVH" ignored="0" name="Test" tests="10" failures="2" timestamp="02 Jun 2022 16:18:28 GMT" time="0.378" errors="0">
  <testcase name="tes10" time="0.061" classname="HPE.HybrisB2BWeb.RegressionTest">
    <failure type="java.lang.AssertionError" message="expected [true] but found [false]">
      <![CDATA[java.lang.AssertionError: expected [true] but found [false]
at HPE.HybrisB2BWeb.RegressionTest.tes10(RegressionTest.java:54)
... Removed 29 stack frames]]>
    </failure>
  </testcase> <!-- tes10 -->
  <testcase name="tes5" time="0.01" classname="HPE.HybrisB2BWeb.RegressionTest"/>
  <testcase name="test1" time="0.006" classname="HPE.HybrisB2BWeb.RegressionTest"/>
  <testcase name="test2" time="0.006" classname="HPE.HybrisB2BWeb.RegressionTest"/>
  <testcase name="test3" time="0.005" classname="HPE.HybrisB2BWeb.RegressionTest"/>
  <testcase name="test4" time="0.005" classname="HPE.HybrisB2BWeb.RegressionTest"/>
  <testcase name="test6" time="0.007" classname="HPE.HybrisB2BWeb.RegressionTest">
    <failure type="java.lang.AssertionError" message="expected [true] but found [false]">
      <![CDATA[java.lang.AssertionError: expected [true] but found [false]
at HPE.HybrisB2BWeb.RegressionTest.test6(RegressionTest.java:36)
... Removed 29 stack frames]]>
    </failure>
  </testcase> <!-- test6 -->
  <testcase name="test7" time="0.018" classname="HPE.HybrisB2BWeb.RegressionTest"/>
  <testcase name="test8" time="0.002" classname="HPE.HybrisB2BWeb.RegressionTest"/>
  <testcase name="test9" time="0.005" classname="HPE.HybrisB2BWeb.RegressionTest"/>
</testsuite> <!-- Test -->
